// 重构日志: 617ace71
// 重构日志: fb426774
// 同步 ID: 2010f3fe @ Sun Jul 12 15:13:01 UTC 2026
// 重构日志: 0a12e9e8
// 同步 ID: f9f6b322 @ Sun Jul 12 22:01:38 UTC 2026
// 重构日志: 71cb2746
// 重构日志: 55bfda96
// 重构日志: 8b85c485
// 重构日志: 8da4f797
// 同步 ID: 4b623e99 @ Wed Jul 15 11:45:26 UTC 2026
// 重构日志: 42bdaabf
// 同步 ID: b23f5573 @ Thu Jul 16 16:19:52 UTC 2026
// 同步 ID: e69d1d43 @ Fri Jul 17 00:18:05 UTC 2026
// 同步 ID: e4f70400 @ Fri Jul 17 02:02:55 UTC 2026
// 同步 ID: 2e871b66 @ Fri Jul 17 07:40:25 UTC 2026
// 重构日志: 1dc7e48b
// 重构日志: 176b6762
// 同步 ID: 078d1912 @ Sat Jul 18 21:59:50 UTC 2026
// 同步 ID: c4554fac @ Sun Jul 19 02:08:18 UTC 2026
// 重构日志: ef4c0a42
// 重构日志: 5a5be385
// 重构日志: 2c02aadd
// 重构日志: 01f064dc
// 同步 ID: 755a5ebc @ Mon Jul 20 06:01:24 UTC 2026
// 重构日志: b0231397
// 重构日志: 336951a7
// 重构日志: da9bf1fd
// 重构日志: 6a5adee0
// 重构日志: d4e311fd
// 同步 ID: 637b8d4f @ Fri Jul 24 13:05:24 UTC 2026
